[2019-10-21 00:06:22.800] [exthost] [info] extension host started
[2019-10-21 00:06:22.818] [exthost] [info] ExtensionService#_doActivateExtension vscode.debug-auto-launch {"startup":true,"activationEvent":"*"}
[2019-10-21 00:06:22.819] [exthost] [info] ExtensionService#loadCommonJSModule file:///usr/share/code/resources/app/extensions/debug-auto-launch/dist/extension
[2019-10-21 00:06:22.822] [exthost] [info] ExtensionService#_doActivateExtension vscode.emmet {"startup":true,"activationEvent":"*"}
[2019-10-21 00:06:22.822] [exthost] [info] ExtensionService#loadCommonJSModule file:///usr/share/code/resources/app/extensions/emmet/dist/extension
[2019-10-21 00:06:22.873] [exthost] [info] ExtensionService#_doActivateExtension vscode.git {"startup":true,"activationEvent":"*"}
[2019-10-21 00:06:22.874] [exthost] [info] ExtensionService#loadCommonJSModule file:///usr/share/code/resources/app/extensions/git/dist/main
[2019-10-21 00:06:22.969] [exthost] [info] ExtensionService#_doActivateExtension vscode.merge-conflict {"startup":true,"activationEvent":"*"}
[2019-10-21 00:06:22.969] [exthost] [info] ExtensionService#loadCommonJSModule file:///usr/share/code/resources/app/extensions/merge-conflict/dist/extension
[2019-10-21 00:06:22.974] [exthost] [info] eager extensions activated
[2019-10-21 00:06:43.218] [exthost] [info] extension host started
[2019-10-21 00:06:43.230] [exthost] [info] ExtensionService#_doActivateExtension vscode.debug-auto-launch {"startup":true,"activationEvent":"*"}
[2019-10-21 00:06:43.231] [exthost] [info] ExtensionService#loadCommonJSModule file:///usr/share/code/resources/app/extensions/debug-auto-launch/dist/extension
[2019-10-21 00:06:43.234] [exthost] [info] ExtensionService#_doActivateExtension vscode.emmet {"startup":true,"activationEvent":"*"}
[2019-10-21 00:06:43.234] [exthost] [info] ExtensionService#loadCommonJSModule file:///usr/share/code/resources/app/extensions/emmet/dist/extension
[2019-10-21 00:06:43.287] [exthost] [info] ExtensionService#_doActivateExtension vscode.git {"startup":true,"activationEvent":"*"}
[2019-10-21 00:06:43.287] [exthost] [info] ExtensionService#loadCommonJSModule file:///usr/share/code/resources/app/extensions/git/dist/main
[2019-10-21 00:06:43.384] [exthost] [info] ExtensionService#_doActivateExtension vscode.merge-conflict {"startup":true,"activationEvent":"*"}
[2019-10-21 00:06:43.384] [exthost] [info] ExtensionService#loadCommonJSModule file:///usr/share/code/resources/app/extensions/merge-conflict/dist/extension
[2019-10-21 00:06:43.390] [exthost] [info] ExtensionService#_doActivateExtension vscode.npm {"startup":true,"activationEvent":"workspaceContains:package.json"}
[2019-10-21 00:06:43.390] [exthost] [info] ExtensionService#loadCommonJSModule file:///usr/share/code/resources/app/extensions/npm/dist/main
[2019-10-21 00:06:43.419] [exthost] [info] eager extensions activated
[2019-10-21 00:06:49.743] [exthost] [info] ExtensionService#_doActivateExtension vscode.debug-server-ready {"startup":false,"activationEvent":"onDebugResolve"}
[2019-10-21 00:06:49.743] [exthost] [info] ExtensionService#loadCommonJSModule file:///usr/share/code/resources/app/extensions/debug-server-ready/dist/extension
[2019-10-21 00:06:49.747] [exthost] [info] ExtensionService#_doActivateExtension ms-vscode.node-debug2 {"startup":false,"activationEvent":"onDebugResolve:node"}
[2019-10-21 00:06:49.747] [exthost] [info] ExtensionService#loadCommonJSModule file:///usr/share/code/resources/app/extensions/ms-vscode.node-debug2/out/src/extension
[2019-10-21 00:06:49.764] [exthost] [info] ExtensionService#_doActivateExtension ms-vscode.node-debug {"startup":false,"activationEvent":"onDebugResolve:node"}
[2019-10-21 00:06:49.764] [exthost] [info] ExtensionService#loadCommonJSModule file:///usr/share/code/resources/app/extensions/ms-vscode.node-debug/dist/extension.js
[2019-10-21 00:07:22.361] [exthost] [info] ExtensionService#_doActivateExtension vscode.configuration-editing {"startup":false,"activationEvent":"onLanguage:jsonc"}
[2019-10-21 00:07:22.361] [exthost] [info] ExtensionService#loadCommonJSModule file:///usr/share/code/resources/app/extensions/configuration-editing/dist/extension
[2019-10-21 00:07:22.373] [exthost] [info] ExtensionService#_doActivateExtension vscode.json-language-features {"startup":false,"activationEvent":"onLanguage:jsonc"}
[2019-10-21 00:07:22.374] [exthost] [info] ExtensionService#loadCommonJSModule file:///usr/share/code/resources/app/extensions/json-language-features/client/dist/jsonMain
[2019-10-21 00:07:22.475] [exthost] [info] ExtensionService#_doActivateExtension vscode.typescript-language-features {"startup":false,"activationEvent":"onLanguage:jsonc"}
[2019-10-21 00:07:22.475] [exthost] [info] ExtensionService#loadCommonJSModule file:///usr/share/code/resources/app/extensions/typescript-language-features/dist/extension
[2019-10-21 00:09:08.477] [exthost] [info] ExtensionService#_doActivateExtension ms-azuretools.vscode-docker {"startup":false,"activationEvent":"onDebugInitialConfigurations"}
[2019-10-21 00:09:08.477] [exthost] [info] ExtensionService#loadCommonJSModule file:///root/.vscode/extensions/ms-azuretools.vscode-docker-0.8.1/main
[2019-10-21 00:21:50.503] [exthost] [info] ExtensionService#_doActivateExtension vscode.extension-editing {"startup":false,"activationEvent":"onLanguage:json"}
[2019-10-21 00:21:50.504] [exthost] [info] ExtensionService#loadCommonJSModule file:///usr/share/code/resources/app/extensions/extension-editing/dist/extension
[2019-10-21 04:29:52.861] [exthost] [error] [vscode.typescript-language-features] provider FAILED
[2019-10-21 04:29:52.862] [exthost] [error] Error: <semantic> TypeScript Server Error (3.6.2)
Debug Failure. False expression: Token end is child end
Error: Debug Failure. False expression: Token end is child end
    at processChildNode (tsserver.js:113552:34)
    at tsserver.js:113499:21
    at visitNode (tsserver.js:17018:24)
    at Object.forEachChild (tsserver.js:17235:21)
    at processNode (tsserver.js:113498:20)
    at processChildNode (tsserver.js:113558:21)
    at tsserver.js:113499:21
    at visitNode (tsserver.js:17018:24)
    at Object.forEachChild (tsserver.js:17264:24)
    at processNode (tsserver.js:113498:20)
    at processChildNode (tsserver.js:113558:21)
    at processChildNodes (tsserver.js:113609:48)
    at tsserver.js:113501:21
    at visitNodes (tsserver.js:17023:24)
    at Object.forEachChild (tsserver.js:17253:24)
    at processNode (tsserver.js:113498:20)
    at processChildNode (tsserver.js:113558:21)
    at tsserver.js:113499:21
    at visitNode (tsserver.js:17018:24)
    at Object.forEachChild (tsserver.js:17267:21)
    at processNode (tsserver.js:113498:20)
    at processChildNode (tsserver.js:113558:21)
    at processChildNodes (tsserver.js:113609:48)
    at tsserver.js:113501:21
    at visitNodes (tsserver.js:17023:24)
    at Object.forEachChild (tsserver.js:17253:24)
    at processNode (tsserver.js:113498:20)
    at processChildNode (tsserver.js:113558:21)
    at tsserver.js:113499:21
    at visitNode (tsserver.js:17018:24)
    at Object.forEachChild (tsserver.js:17148:21)
    at processNode (tsserver.js:113498:20)
    at processChildNode (tsserver.js:113558:21)
    at processChildNodes (tsserver.js:113609:48)
    at tsserver.js:113501:21
    at visitNodes (tsserver.js:17023:24)
    at Object.forEachChild (tsserver.js:17207:21)
    at processNode (tsserver.js:113498:20)
    at processChildNode (tsserver.js:113558:21)
    at tsserver.js:113499:21
    at visitNode (tsserver.js:17018:24)
    at Object.forEachChild (tsserver.js:17198:24)
    at processNode (tsserver.js:113498:20)
    at processChildNode (tsserver.js:113558:21)
    at tsserver.js:113499:21
    at visitNode (tsserver.js:17018:24)
    at Object.forEachChild (tsserver.js:17205:24)
    at processNode (tsserver.js:113498:20)
    at processChildNode (tsserver.js:113558:21)
    at tsserver.js:113499:21
    at visitNode (tsserver.js:17018:24)
    at Object.forEachChild (tsserver.js:17264:24)
    at processNode (tsserver.js:113498:20)
    at processChildNode (tsserver.js:113558:21)
    at processChildNodes (tsserver.js:113609:48)
    at tsserver.js:113501:21
    at visitNodes (tsserver.js:17023:24)
    at Object.forEachChild (tsserver.js:17253:24)
    at processNode (tsserver.js:113498:20)
    at processChildNode (tsserver.js:113558:21)
    at tsserver.js:113499:21
    at visitNode (tsserver.js:17018:24)
    at Object.forEachChild (tsserver.js:17268:21)
    at processNode (tsserver.js:113498:20)
    at processChildNode (tsserver.js:113558:21)
    at processChildNodes (tsserver.js:113609:48)
    at tsserver.js:113501:21
    at visitNodes (tsserver.js:17023:24)
    at Object.forEachChild (tsserver.js:17253:24)
    at processNode (tsserver.js:113498:20)
    at processChildNode (tsserver.js:113558:21)
    at tsserver.js:113499:21
    at visitNode (tsserver.js:17018:24)
    at Object.forEachChild (tsserver.js:17148:21)
    at processNode (tsserver.js:113498:20)
    at processChildNode (tsserver.js:113558:21)
    at processChildNodes (tsserver.js:113609:48)
    at tsserver.js:113501:21
    at visitNodes (tsserver.js:17023:24)
    at Object.forEachChild (tsserver.js:17207:21)
    at processNode (tsserver.js:113498:20)
    at formatSpanWorker (tsserver.js:113313:17)
    at tsserver.js:113277:140
    at Object.getFormattingScanner (tsserver.js:112070:23)
    at Object.formatNodeGivenIndentation (tsserver.js:113277:31)
    at getFormattedTextOfNode (tsserver.js:115313:45)
    at format (tsserver.js:115291:52)
    at computeNewText (tsserver.js:115294:23)
    at tsserver.js:115264:89
    at Array.map (<anonymous>)
    at tsserver.js:115263:50
    at Array.map (<anonymous>)
    at Object.getTextChangesFromChanges (tsserver.js:115249:86)
    at ChangeTracker.getChanges (tsserver.js:115219:45)
    at Function.ChangeTracker.with (tsserver.js:114754:32)
    at Object.getCodeActions (tsserver.js:120893:64)
    at tsserver.js:115774:121
    at Object.flatMap (tsserver.js:583:25)
    at Object.getFixes (tsserver.js:115774:23)
    at tsserver.js:125788:35
	at Function.create (/usr/share/code/resources/app/extensions/typescript-language-features/dist/extension.js:53:63463)
	at h.dispatchResponse (/usr/share/code/resources/app/extensions/typescript-language-features/dist/extension.js:53:56618)
	at h.dispatchMessage (/usr/share/code/resources/app/extensions/typescript-language-features/dist/extension.js:53:55516)
	at constructor._reader.onData.e (/usr/share/code/resources/app/extensions/typescript-language-features/dist/extension.js:53:54992)
	at u.fire (/usr/share/code/resources/app/out/vs/workbench/services/extensions/node/extensionHostProcess.js:50:207)
	at t.Reader.onLengthData (/usr/share/code/resources/app/extensions/typescript-language-features/dist/extension.js:53:61683)
	at Socket.t.Reader.constructor.e.on.e (/usr/share/code/resources/app/extensions/typescript-language-features/dist/extension.js:53:61331)
	at Socket.emit (events.js:182:13)
	at addChunk (_stream_readable.js:283:12)
	at readableAddChunk (_stream_readable.js:264:11)
	at Socket.Readable.push (_stream_readable.js:219:10)
	at Pipe.onStreamRead [as onread] (internal/stream_base_commons.js:94:17)
